<?xml version="1.0" encoding="UTF-8"?>
<!-- Generated by org.testng.reporters.JUnitReportReporter -->
<testsuite hostname="EC2AMAZ-H7JM941" failures="0" tests="2" name="ajayshettyacademy.tests.StandAloneTest" time="19.428" errors="0" timestamp="2024-08-06T19:14:13 UTC" skipped="0">
  <testcase classname="ajayshettyacademy.tests.StandAloneTest" name="submitOrder" time="6.449"/>
  <testcase classname="ajayshettyacademy.tests.StandAloneTest" name="submitOrder" time="12.979"/>
</testsuite> <!-- ajayshettyacademy.tests.StandAloneTest -->
