<?xml version="1.0" encoding="UTF-8"?>
<!-- Generated by org.testng.reporters.JUnitReportReporter -->
<testsuite hostname="EC2AMAZ-H7JM941" failures="0" tests="1" name="cucumber.TestNgTestRunner" time="7.582" errors="0" timestamp="2024-08-06T19:30:45 UTC" skipped="0">
  <testcase classname="cucumber.TestNgTestRunner" name="runScenario" time="7.582"/>
</testsuite> <!-- cucumber.TestNgTestRunner -->
