<?xml version="1.0" encoding="UTF-8"?>
<!-- Generated by org.testng.reporters.JUnitReportReporter -->
<testsuite hostname="EC2AMAZ-H7JM941" failures="0" tests="3" name="ajayshettyacademy.tests.StandAloneTest" time="21.711" errors="0" timestamp="2024-08-04T19:40:06 UTC" skipped="0">
  <testcase classname="ajayshettyacademy.tests.StandAloneTest" name="submitOrder" time="9.502"/>
  <testcase classname="ajayshettyacademy.tests.StandAloneTest" name="OrderHistory" time="4.900"/>
  <testcase classname="ajayshettyacademy.tests.StandAloneTest" name="submitOrder" time="7.309"/>
</testsuite> <!-- ajayshettyacademy.tests.StandAloneTest -->
