<?xml version="1.0" encoding="UTF-8"?>
<!-- Generated by org.testng.reporters.JUnitReportReporter -->
<testsuite hostname="EC2AMAZ-H7JM941" failures="0" tests="1" name="ajayshettyacademy.tests.ErrorValidation" time="6.360" errors="0" timestamp="2024-08-05T09:58:28 UTC" skipped="0">
  <testcase classname="ajayshettyacademy.tests.ErrorValidation" name="invalidUsernamePass" time="6.360"/>
</testsuite> <!-- ajayshettyacademy.tests.ErrorValidation -->
